{"/Users/ashishvashisht/ticket/server.js": {"path":"/Users/ashishvashisht/ticket/server.js","statementMap":{"0":{"start":{"line":1,"column":0},"end":{"line":1,"column":27}},"1":{"start":{"line":2,"column":16},"end":{"line":2,"column":34}},"2":{"start":{"line":3,"column":17},"end":{"line":3,"column":36}},"3":{"start":{"line":5,"column":15},"end":{"line":5,"column":44}},"4":{"start":{"line":7,"column":0},"end":{"line":9,"column":2}},"5":{"start":{"line":11,"column":12},"end":{"line":11,"column":21}},"6":{"start":{"line":12,"column":0},"end":{"line":12,"column":24}},"7":{"start":{"line":14,"column":11},"end":{"line":14,"column":89}},"8":{"start":{"line":15,"column":0},"end":{"line":17,"column":3}},"9":{"start":{"line":16,"column":4},"end":{"line":16,"column":61}},"10":{"start":{"line":19,"column":0},"end":{"line":19,"column":58}},"11":{"start":{"line":21,"column":0},"end":{"line":21,"column":21}}},"fnMap":{"0":{"name":"(anonymous_0)","decl":{"start":{"line":15,"column":17},"end":{"line":15,"column":18}},"loc":{"start":{"line":15,"column":23},"end":{"line":17,"column":1}},"line":15}},"branchMap":{"0":{"loc":{"start":{"line":8,"column":4},"end":{"line":8,"column":96}},"type":"cond-expr","locations":[{"start":{"line":8,"column":38},"end":{"line":8,"column":66}},{"start":{"line":8,"column":69},"end":{"line":8,"column":96}}],"line":8},"1":{"loc":{"start":{"line":14,"column":11},"end":{"line":14,"column":89}},"type":"cond-expr","locations":[{"start":{"line":14,"column":45},"end":{"line":14,"column":66}},{"start":{"line":14,"column":69},"end":{"line":14,"column":89}}],"line":14}},"s":{"0":1,"1":1,"2":1,"3":1,"4":1,"5":1,"6":1,"7":1,"8":1,"9":1,"10":1,"11":1},"f":{"0":1},"b":{"0":[0,1],"1":[0,1]},"_coverageSchema":"1a1c01bbd47fc00a2c39e90264f33305004495a9","hash":"1ee9fc8e4237a6cc7ef732d00d6958577bf56909"}
,"/Users/ashishvashisht/ticket/src/controllers/ticket-controller.js": {"path":"/Users/ashishvashisht/ticket/src/controllers/ticket-controller.js","statementMap":{"0":{"start":{"line":1,"column":15},"end":{"line":1,"column":41}},"1":{"start":{"line":4,"column":30},"end":{"line":8,"column":1}},"2":{"start":{"line":5,"column":4},"end":{"line":5,"column":64}},"3":{"start":{"line":6,"column":4},"end":{"line":6,"column":64}},"4":{"start":{"line":7,"column":4},"end":{"line":7,"column":16}},"5":{"start":{"line":10,"column":0},"end":{"line":51,"column":1}},"6":{"start":{"line":13,"column":8},"end":{"line":22,"column":9}},"7":{"start":{"line":14,"column":12},"end":{"line":14,"column":60}},"8":{"start":{"line":16,"column":30},"end":{"line":16,"column":45}},"9":{"start":{"line":17,"column":12},"end":{"line":17,"column":65}},"10":{"start":{"line":18,"column":12},"end":{"line":18,"column":90}},"11":{"start":{"line":21,"column":12},"end":{"line":21,"column":74}},"12":{"start":{"line":26,"column":8},"end":{"line":36,"column":9}},"13":{"start":{"line":27,"column":12},"end":{"line":27,"column":59}},"14":{"start":{"line":29,"column":12},"end":{"line":29,"column":63}},"15":{"start":{"line":30,"column":30},"end":{"line":30,"column":65}},"16":{"start":{"line":31,"column":12},"end":{"line":31,"column":96}},"17":{"start":{"line":32,"column":12},"end":{"line":32,"column":37}},"18":{"start":{"line":35,"column":12},"end":{"line":35,"column":73}},"19":{"start":{"line":40,"column":8},"end":{"line":48,"column":9}},"20":{"start":{"line":41,"column":12},"end":{"line":41,"column":53}},"21":{"start":{"line":43,"column":12},"end":{"line":43,"column":63}},"22":{"start":{"line":44,"column":12},"end":{"line":44,"column":53}},"23":{"start":{"line":47,"column":12},"end":{"line":47,"column":67}}},"fnMap":{"0":{"name":"(anonymous_0)","decl":{"start":{"line":4,"column":30},"end":{"line":4,"column":31}},"loc":{"start":{"line":4,"column":69},"end":{"line":8,"column":1}},"line":4},"1":{"name":"(anonymous_1)","decl":{"start":{"line":12,"column":19},"end":{"line":12,"column":20}},"loc":{"start":{"line":12,"column":45},"end":{"line":23,"column":5}},"line":12},"2":{"name":"(anonymous_2)","decl":{"start":{"line":25,"column":18},"end":{"line":25,"column":19}},"loc":{"start":{"line":25,"column":44},"end":{"line":37,"column":5}},"line":25},"3":{"name":"(anonymous_3)","decl":{"start":{"line":39,"column":12},"end":{"line":39,"column":13}},"loc":{"start":{"line":39,"column":38},"end":{"line":49,"column":5}},"line":39}},"branchMap":{"0":{"loc":{"start":{"line":31,"column":27},"end":{"line":31,"column":95}},"type":"cond-expr","locations":[{"start":{"line":31,"column":46},"end":{"line":31,"column":90}},{"start":{"line":31,"column":93},"end":{"line":31,"column":95}}],"line":31}},"s":{"0":1,"1":1,"2":0,"3":0,"4":0,"5":1,"6":1,"7":1,"8":1,"9":1,"10":1,"11":0,"12":2,"13":2,"14":2,"15":2,"16":2,"17":2,"18":0,"19":2,"20":2,"21":2,"22":2,"23":0},"f":{"0":0,"1":1,"2":2,"3":2},"b":{"0":[1,1]},"_coverageSchema":"1a1c01bbd47fc00a2c39e90264f33305004495a9","hash":"579ab3e671aba02e36a584a69e7050d920a22918"}
,"/Users/ashishvashisht/ticket/src/middleware/error-middleware.js": {"path":"/Users/ashishvashisht/ticket/src/middleware/error-middleware.js","statementMap":{"0":{"start":{"line":1,"column":20},"end":{"line":1,"column":42}},"1":{"start":{"line":2,"column":15},"end":{"line":2,"column":41}},"2":{"start":{"line":4,"column":0},"end":{"line":19,"column":1}},"3":{"start":{"line":8,"column":4},"end":{"line":14,"column":5}},"4":{"start":{"line":9,"column":8},"end":{"line":9,"column":59}},"5":{"start":{"line":10,"column":8},"end":{"line":10,"column":70}},"6":{"start":{"line":12,"column":8},"end":{"line":12,"column":72}},"7":{"start":{"line":13,"column":8},"end":{"line":13,"column":65}},"8":{"start":{"line":16,"column":4},"end":{"line":16,"column":11}}},"fnMap":{"0":{"name":"(anonymous_0)","decl":{"start":{"line":7,"column":19},"end":{"line":7,"column":20}},"loc":{"start":{"line":7,"column":52},"end":{"line":17,"column":3}},"line":7}},"branchMap":{"0":{"loc":{"start":{"line":8,"column":4},"end":{"line":14,"column":5}},"type":"if","locations":[{"start":{"line":8,"column":4},"end":{"line":14,"column":5}},{"start":{"line":11,"column":13},"end":{"line":14,"column":5}}],"line":8}},"s":{"0":1,"1":1,"2":1,"3":1,"4":1,"5":1,"6":0,"7":0,"8":1},"f":{"0":1},"b":{"0":[1,0]},"_coverageSchema":"1a1c01bbd47fc00a2c39e90264f33305004495a9","hash":"13ed674604e7377933aafa2868a4198bd452c218"}
,"/Users/ashishvashisht/ticket/src/middleware/ticket-middleware.js": {"path":"/Users/ashishvashisht/ticket/src/middleware/ticket-middleware.js","statementMap":{"0":{"start":{"line":1,"column":21},"end":{"line":1,"column":38}},"1":{"start":{"line":2,"column":21},"end":{"line":2,"column":54}},"2":{"start":{"line":3,"column":15},"end":{"line":3,"column":41}},"3":{"start":{"line":6,"column":30},"end":{"line":9,"column":1}},"4":{"start":{"line":7,"column":4},"end":{"line":7,"column":53}},"5":{"start":{"line":8,"column":4},"end":{"line":8,"column":16}},"6":{"start":{"line":11,"column":0},"end":{"line":89,"column":1}},"7":{"start":{"line":14,"column":8},"end":{"line":30,"column":9}},"8":{"start":{"line":15,"column":12},"end":{"line":15,"column":60}},"9":{"start":{"line":17,"column":31},"end":{"line":20,"column":35}},"10":{"start":{"line":22,"column":28},"end":{"line":22,"column":32}},"11":{"start":{"line":23,"column":31},"end":{"line":23,"column":34}},"12":{"start":{"line":24,"column":12},"end":{"line":24,"column":111}},"13":{"start":{"line":26,"column":12},"end":{"line":26,"column":61}},"14":{"start":{"line":27,"column":12},"end":{"line":27,"column":19}},"15":{"start":{"line":29,"column":12},"end":{"line":29,"column":75}},"16":{"start":{"line":34,"column":8},"end":{"line":54,"column":9}},"17":{"start":{"line":35,"column":36},"end":{"line":35,"column":44}},"18":{"start":{"line":36,"column":30},"end":{"line":36,"column":62}},"19":{"start":{"line":37,"column":12},"end":{"line":37,"column":88}},"20":{"start":{"line":38,"column":12},"end":{"line":38,"column":37}},"21":{"start":{"line":40,"column":35},"end":{"line":40,"column":70}},"22":{"start":{"line":41,"column":12},"end":{"line":41,"column":40}},"23":{"start":{"line":43,"column":28},"end":{"line":43,"column":32}},"24":{"start":{"line":44,"column":31},"end":{"line":44,"column":34}},"25":{"start":{"line":45,"column":28},"end":{"line":45,"column":44}},"26":{"start":{"line":46,"column":68},"end":{"line":46,"column":82}},"27":{"start":{"line":47,"column":12},"end":{"line":47,"column":105}},"28":{"start":{"line":49,"column":12},"end":{"line":49,"column":87}},"29":{"start":{"line":51,"column":12},"end":{"line":51,"column":19}},"30":{"start":{"line":53,"column":12},"end":{"line":53,"column":73}},"31":{"start":{"line":58,"column":8},"end":{"line":86,"column":9}},"32":{"start":{"line":59,"column":27},"end":{"line":59,"column":40}},"33":{"start":{"line":60,"column":12},"end":{"line":60,"column":80}},"34":{"start":{"line":62,"column":38},"end":{"line":62,"column":46}},"35":{"start":{"line":64,"column":34},"end":{"line":64,"column":99}},"36":{"start":{"line":66,"column":12},"end":{"line":81,"column":13}},"37":{"start":{"line":67,"column":32},"end":{"line":67,"column":37}},"38":{"start":{"line":68,"column":35},"end":{"line":68,"column":38}},"39":{"start":{"line":69,"column":32},"end":{"line":69,"column":50}},"40":{"start":{"line":70,"column":16},"end":{"line":70,"column":62}},"41":{"start":{"line":72,"column":16},"end":{"line":72,"column":84}},"42":{"start":{"line":74,"column":32},"end":{"line":74,"column":36}},"43":{"start":{"line":75,"column":35},"end":{"line":75,"column":38}},"44":{"start":{"line":76,"column":32},"end":{"line":76,"column":48}},"45":{"start":{"line":77,"column":74},"end":{"line":77,"column":87}},"46":{"start":{"line":78,"column":16},"end":{"line":78,"column":109}},"47":{"start":{"line":80,"column":16},"end":{"line":80,"column":91}},"48":{"start":{"line":83,"column":12},"end":{"line":83,"column":19}},"49":{"start":{"line":85,"column":12},"end":{"line":85,"column":73}}},"fnMap":{"0":{"name":"(anonymous_0)","decl":{"start":{"line":6,"column":30},"end":{"line":6,"column":31}},"loc":{"start":{"line":6,"column":69},"end":{"line":9,"column":1}},"line":6},"1":{"name":"(anonymous_1)","decl":{"start":{"line":13,"column":20},"end":{"line":13,"column":21}},"loc":{"start":{"line":13,"column":46},"end":{"line":31,"column":5}},"line":13},"2":{"name":"(anonymous_2)","decl":{"start":{"line":33,"column":27},"end":{"line":33,"column":28}},"loc":{"start":{"line":33,"column":53},"end":{"line":55,"column":5}},"line":33},"3":{"name":"(anonymous_3)","decl":{"start":{"line":57,"column":18},"end":{"line":57,"column":19}},"loc":{"start":{"line":57,"column":44},"end":{"line":87,"column":5}},"line":57}},"branchMap":{"0":{"loc":{"start":{"line":24,"column":63},"end":{"line":24,"column":85}},"type":"binary-expr","locations":[{"start":{"line":24,"column":63},"end":{"line":24,"column":80}},{"start":{"line":24,"column":84},"end":{"line":24,"column":85}}],"line":24},"1":{"loc":{"start":{"line":37,"column":27},"end":{"line":37,"column":87}},"type":"cond-expr","locations":[{"start":{"line":37,"column":36},"end":{"line":37,"column":60}},{"start":{"line":37,"column":63},"end":{"line":37,"column":87}}],"line":37},"2":{"loc":{"start":{"line":66,"column":12},"end":{"line":81,"column":13}},"type":"if","locations":[{"start":{"line":66,"column":12},"end":{"line":81,"column":13}},{"start":{"line":73,"column":19},"end":{"line":81,"column":13}}],"line":66}},"s":{"0":1,"1":1,"2":1,"3":1,"4":0,"5":0,"6":1,"7":1,"8":1,"9":1,"10":1,"11":1,"12":1,"13":1,"14":1,"15":0,"16":2,"17":2,"18":2,"19":2,"20":2,"21":2,"22":2,"23":2,"24":2,"25":2,"26":2,"27":2,"28":2,"29":2,"30":0,"31":2,"32":2,"33":2,"34":2,"35":2,"36":2,"37":1,"38":1,"39":1,"40":1,"41":1,"42":1,"43":1,"44":1,"45":1,"46":1,"47":1,"48":2,"49":0},"f":{"0":0,"1":1,"2":2,"3":2},"b":{"0":[1,0],"1":[1,1],"2":[1,1]},"_coverageSchema":"1a1c01bbd47fc00a2c39e90264f33305004495a9","hash":"be0ec56be82f3fdf65883d689d4b2cb69798fabb"}
,"/Users/ashishvashisht/ticket/src/models/ticket-model.js": {"path":"/Users/ashishvashisht/ticket/src/models/ticket-model.js","statementMap":{"0":{"start":{"line":1,"column":17},"end":{"line":1,"column":36}},"1":{"start":{"line":2,"column":13},"end":{"line":2,"column":38}},"2":{"start":{"line":5,"column":22},"end":{"line":9,"column":1}},"3":{"start":{"line":12,"column":23},"end":{"line":16,"column":1}},"4":{"start":{"line":18,"column":22},"end":{"line":28,"column":1}},"5":{"start":{"line":31,"column":0},"end":{"line":43,"column":1}},"6":{"start":{"line":32,"column":4},"end":{"line":42,"column":5}},"7":{"start":{"line":33,"column":30},"end":{"line":37,"column":9}},"8":{"start":{"line":39,"column":8},"end":{"line":39,"column":29}},"9":{"start":{"line":41,"column":8},"end":{"line":41,"column":20}},"10":{"start":{"line":46,"column":0},"end":{"line":69,"column":2}},"11":{"start":{"line":47,"column":4},"end":{"line":68,"column":5}},"12":{"start":{"line":48,"column":8},"end":{"line":51,"column":9}},"13":{"start":{"line":50,"column":12},"end":{"line":50,"column":26}},"14":{"start":{"line":54,"column":8},"end":{"line":54,"column":54}},"15":{"start":{"line":57,"column":8},"end":{"line":57,"column":59}},"16":{"start":{"line":60,"column":8},"end":{"line":60,"column":77}},"17":{"start":{"line":63,"column":8},"end":{"line":63,"column":74}},"18":{"start":{"line":65,"column":8},"end":{"line":65,"column":15}},"19":{"start":{"line":67,"column":8},"end":{"line":67,"column":20}},"20":{"start":{"line":71,"column":0},"end":{"line":71,"column":58}}},"fnMap":{"0":{"name":"(anonymous_0)","decl":{"start":{"line":31,"column":46},"end":{"line":31,"column":47}},"loc":{"start":{"line":31,"column":85},"end":{"line":43,"column":1}},"line":31},"1":{"name":"(anonymous_1)","decl":{"start":{"line":46,"column":26},"end":{"line":46,"column":27}},"loc":{"start":{"line":46,"column":48},"end":{"line":69,"column":1}},"line":46}},"branchMap":{"0":{"loc":{"start":{"line":48,"column":8},"end":{"line":51,"column":9}},"type":"if","locations":[{"start":{"line":48,"column":8},"end":{"line":51,"column":9}},{"start":{},"end":{}}],"line":48},"1":{"loc":{"start":{"line":60,"column":22},"end":{"line":60,"column":76}},"type":"binary-expr","locations":[{"start":{"line":60,"column":22},"end":{"line":60,"column":33}},{"start":{"line":60,"column":37},"end":{"line":60,"column":76}}],"line":60},"2":{"loc":{"start":{"line":63,"column":21},"end":{"line":63,"column":73}},"type":"binary-expr","locations":[{"start":{"line":63,"column":21},"end":{"line":63,"column":31}},{"start":{"line":63,"column":35},"end":{"line":63,"column":73}}],"line":63}},"s":{"0":1,"1":1,"2":1,"3":1,"4":1,"5":1,"6":2,"7":2,"8":2,"9":0,"10":1,"11":2,"12":2,"13":0,"14":2,"15":2,"16":2,"17":2,"18":2,"19":0,"20":1},"f":{"0":2,"1":2},"b":{"0":[0,2],"1":[2,1],"2":[2,1]},"_coverageSchema":"1a1c01bbd47fc00a2c39e90264f33305004495a9","hash":"75cec00664249311c74d38708fe875349bd6d347"}
,"/Users/ashishvashisht/ticket/src/routes/ticket-routes.js": {"path":"/Users/ashishvashisht/ticket/src/routes/ticket-routes.js","statementMap":{"0":{"start":{"line":1,"column":16},"end":{"line":1,"column":34}},"1":{"start":{"line":5,"column":19},"end":{"line":5,"column":62}},"2":{"start":{"line":9,"column":25},"end":{"line":9,"column":67}},"3":{"start":{"line":11,"column":28},"end":{"line":11,"column":69}},"4":{"start":{"line":13,"column":15},"end":{"line":13,"column":48}},"5":{"start":{"line":15,"column":0},"end":{"line":22,"column":26}}},"fnMap":{},"branchMap":{},"s":{"0":1,"1":1,"2":1,"3":1,"4":1,"5":1},"f":{},"b":{},"_coverageSchema":"1a1c01bbd47fc00a2c39e90264f33305004495a9","hash":"259f0b980e948cd74ed702adbf160193a92aa8af"}
,"/Users/ashishvashisht/ticket/src/utils/logger.js": {"path":"/Users/ashishvashisht/ticket/src/utils/logger.js","statementMap":{"0":{"start":{"line":1,"column":0},"end":{"line":1,"column":27}},"1":{"start":{"line":2,"column":16},"end":{"line":2,"column":34}},"2":{"start":{"line":3,"column":26},"end":{"line":3,"column":55}},"3":{"start":{"line":6,"column":21},"end":{"line":8,"column":2}},"4":{"start":{"line":7,"column":2},"end":{"line":7,"column":90}},"5":{"start":{"line":11,"column":15},"end":{"line":20,"column":2}},"6":{"start":{"line":22,"column":0},"end":{"line":22,"column":24}}},"fnMap":{"0":{"name":"(anonymous_0)","decl":{"start":{"line":6,"column":43},"end":{"line":6,"column":44}},"loc":{"start":{"line":6,"column":78},"end":{"line":8,"column":1}},"line":6}},"branchMap":{},"s":{"0":1,"1":1,"2":1,"3":1,"4":22,"5":1,"6":1},"f":{"0":22},"b":{},"_coverageSchema":"1a1c01bbd47fc00a2c39e90264f33305004495a9","hash":"fd4d5a61568fa7e809e9cc1410690bf36d70cc7f"}
,"/Users/ashishvashisht/ticket/src/utils/utils.js": {"path":"/Users/ashishvashisht/ticket/src/utils/utils.js","statementMap":{"0":{"start":{"line":1,"column":0},"end":{"line":28,"column":1}},"1":{"start":{"line":5,"column":27},"end":{"line":5,"column":60}},"2":{"start":{"line":8,"column":28},"end":{"line":8,"column":38}},"3":{"start":{"line":9,"column":8},"end":{"line":9,"column":64}},"4":{"start":{"line":11,"column":8},"end":{"line":11,"column":27}},"5":{"start":{"line":16,"column":20},"end":{"line":16,"column":38}},"6":{"start":{"line":17,"column":20},"end":{"line":17,"column":36}},"7":{"start":{"line":18,"column":8},"end":{"line":18,"column":65}},"8":{"start":{"line":23,"column":25},"end":{"line":23,"column":48}},"9":{"start":{"line":24,"column":28},"end":{"line":24,"column":71}},"10":{"start":{"line":25,"column":8},"end":{"line":25,"column":49}}},"fnMap":{"0":{"name":"(anonymous_0)","decl":{"start":{"line":3,"column":28},"end":{"line":3,"column":29}},"loc":{"start":{"line":3,"column":34},"end":{"line":12,"column":5}},"line":3},"1":{"name":"(anonymous_1)","decl":{"start":{"line":15,"column":26},"end":{"line":15,"column":27}},"loc":{"start":{"line":15,"column":38},"end":{"line":19,"column":5}},"line":15},"2":{"name":"(anonymous_2)","decl":{"start":{"line":22,"column":25},"end":{"line":22,"column":26}},"loc":{"start":{"line":22,"column":41},"end":{"line":26,"column":5}},"line":22}},"branchMap":{},"s":{"0":1,"1":2,"2":2,"3":2,"4":2,"5":2,"6":2,"7":2,"8":2,"9":2,"10":2},"f":{"0":2,"1":2,"2":2},"b":{},"_coverageSchema":"1a1c01bbd47fc00a2c39e90264f33305004495a9","hash":"276dbc658ed3158e625c3ae7e554efa1020163a2"}
}
