TN:
SF:server.js
FN:15,(anonymous_0)
FNF:1
FNH:1
FNDA:1,(anonymous_0)
DA:1,1
DA:2,1
DA:3,1
DA:5,1
DA:7,1
DA:11,1
DA:12,1
DA:14,1
DA:15,1
DA:16,1
DA:19,1
DA:21,1
LF:12
LH:12
BRDA:8,0,0,0
BRDA:8,0,1,1
BRDA:14,1,0,0
BRDA:14,1,1,1
BRF:4
BRH:2
end_of_record
TN:
SF:src/controllers/ticket-controller.js
FN:4,(anonymous_0)
FN:12,(anonymous_1)
FN:25,(anonymous_2)
FN:39,(anonymous_3)
FNF:4
FNH:3
FNDA:0,(anonymous_0)
FNDA:1,(anonymous_1)
FNDA:2,(anonymous_2)
FNDA:2,(anonymous_3)
DA:1,1
DA:4,1
DA:5,0
DA:6,0
DA:7,0
DA:10,1
DA:13,1
DA:14,1
DA:16,1
DA:17,1
DA:18,1
DA:21,0
DA:26,2
DA:27,2
DA:29,2
DA:30,2
DA:31,2
DA:32,2
DA:35,0
DA:40,2
DA:41,2
DA:43,2
DA:44,2
DA:47,0
LF:24
LH:18
BRDA:31,0,0,1
BRDA:31,0,1,1
BRF:2
BRH:2
end_of_record
TN:
SF:src/middleware/error-middleware.js
FN:7,(anonymous_0)
FNF:1
FNH:1
FNDA:1,(anonymous_0)
DA:1,1
DA:2,1
DA:4,1
DA:8,1
DA:9,1
DA:10,1
DA:12,0
DA:13,0
DA:16,1
LF:9
LH:7
BRDA:8,0,0,1
BRDA:8,0,1,0
BRF:2
BRH:1
end_of_record
TN:
SF:src/middleware/ticket-middleware.js
FN:6,(anonymous_0)
FN:13,(anonymous_1)
FN:33,(anonymous_2)
FN:57,(anonymous_3)
FNF:4
FNH:3
FNDA:0,(anonymous_0)
FNDA:1,(anonymous_1)
FNDA:2,(anonymous_2)
FNDA:2,(anonymous_3)
DA:1,1
DA:2,1
DA:3,1
DA:6,1
DA:7,0
DA:8,0
DA:11,1
DA:14,1
DA:15,1
DA:17,1
DA:22,1
DA:23,1
DA:24,1
DA:26,1
DA:27,1
DA:29,0
DA:34,2
DA:35,2
DA:36,2
DA:37,2
DA:38,2
DA:40,2
DA:41,2
DA:43,2
DA:44,2
DA:45,2
DA:46,2
DA:47,2
DA:49,2
DA:51,2
DA:53,0
DA:58,2
DA:59,2
DA:60,2
DA:62,2
DA:64,2
DA:66,2
DA:67,1
DA:68,1
DA:69,1
DA:70,1
DA:72,1
DA:74,1
DA:75,1
DA:76,1
DA:77,1
DA:78,1
DA:80,1
DA:83,2
DA:85,0
LF:50
LH:45
BRDA:24,0,0,1
BRDA:24,0,1,0
BRDA:37,1,0,1
BRDA:37,1,1,1
BRDA:66,2,0,1
BRDA:66,2,1,1
BRF:6
BRH:5
end_of_record
TN:
SF:src/models/ticket-model.js
FN:31,(anonymous_0)
FN:46,(anonymous_1)
FNF:2
FNH:2
FNDA:2,(anonymous_0)
FNDA:2,(anonymous_1)
DA:1,1
DA:2,1
DA:5,1
DA:12,1
DA:18,1
DA:31,1
DA:32,2
DA:33,2
DA:39,2
DA:41,0
DA:46,1
DA:47,2
DA:48,2
DA:50,0
DA:54,2
DA:57,2
DA:60,2
DA:63,2
DA:65,2
DA:67,0
DA:71,1
LF:21
LH:18
BRDA:48,0,0,0
BRDA:48,0,1,2
BRDA:60,1,0,2
BRDA:60,1,1,1
BRDA:63,2,0,2
BRDA:63,2,1,1
BRF:6
BRH:5
end_of_record
TN:
SF:src/routes/ticket-routes.js
FNF:0
FNH:0
DA:1,1
DA:5,1
DA:9,1
DA:11,1
DA:13,1
DA:15,1
LF:6
LH:6
BRF:0
BRH:0
end_of_record
TN:
SF:src/utils/logger.js
FN:6,(anonymous_0)
FNF:1
FNH:1
FNDA:22,(anonymous_0)
DA:1,1
DA:2,1
DA:3,1
DA:6,1
DA:7,22
DA:11,1
DA:22,1
LF:7
LH:7
BRF:0
BRH:0
end_of_record
TN:
SF:src/utils/utils.js
FN:3,(anonymous_0)
FN:15,(anonymous_1)
FN:22,(anonymous_2)
FNF:3
FNH:3
FNDA:2,(anonymous_0)
FNDA:2,(anonymous_1)
FNDA:2,(anonymous_2)
DA:1,1
DA:5,2
DA:8,2
DA:9,2
DA:11,2
DA:16,2
DA:17,2
DA:18,2
DA:23,2
DA:24,2
DA:25,2
LF:11
LH:11
BRF:0
BRH:0
end_of_record
